app/build/outputs/logs/manifest-merger-debug-report.txt
-- Merging decision tree log ---
manifest
ADDED from src\main\AndroidManifest.xml:2:1-32:12
INJECTED from src\main\AndroidManifest.xml:2:1-32:12
INJECTED from src\main\AndroidManifest.xml:2:1-32:12
INJECTED from src\main\AndroidManifest.xml:2:1-32:12
MERGED from [androidx.databinding:databinding-adapters:3.4.1] AndroidManifest.xml:17:1-24:12
MERGED from [androidx.databinding:databinding-runtime:3.4.1] AndroidManifest.xml:17:1-24:12
MERGED from [com.google.android.material:material:1.0.0] AndroidManifest.xml:17:1-24:12
MERGED from [androidx.appcompat:appcompat:1.0.2] AndroidManifest.xml:17:1-22:12
MERGED from [androidx.constraintlayout:constraintlayout:1.1.3] AndroidManifest.xml:2:1-11:12
MERGED from [androidx.work:work-runtime:2.0.1] AndroidManifest.xml:17:1-123:12
MERGED from [com.google.android.gms:play-services-location:16.0.0] AndroidManifest.xml:2:1-9:12
MERGED from [io.reactivex.rxjava2:rxandroid:2.0.1] AndroidManifest.xml:15:1-21:12
MERGED from [androidx.room:room-runtime:2.1.0-alpha04] AndroidManifest.xml:17:1-28:12
MERGED from [androidx.lifecycle:lifecycle-extensions:2.0.0] AndroidManifest.xml:17:1-25:12
MERGED from [com.google.android.gms:play-services-base:16.0.1] AndroidManifest.xml:17:1-29:12
MERGED from [com.google.android.gms:play-services-places-placereport:16.0.0] AndroidManifest.xml:17:1-24:12
MERGED from [com.google.android.gms:play-services-tasks:16.0.1] AndroidManifest.xml:2:1-9:12
MERGED from [com.google.android.gms:play-services-basement:16.0.1] AndroidManifest.xml:17:1-28:12
MERGED from [androidx.legacy:legacy-support-v4:1.0.0] AndroidManifest.xml:17:1-22:12
MERGED from [androidx.fragment:fragment:1.0.0] AndroidManifest.xml:17:1-22:12
MERGED from [androidx.vectordrawable:vectordrawable-animated:1.0.0] AndroidManifest.xml:17:1-22:12
MERGED from [androidx.recyclerview:recyclerview:1.0.0] AndroidManifest.xml:17:1-22:12
MERGED from [androidx.legacy:legacy-support-core-ui:1.0.0] AndroidManifest.xml:17:1-22:12
MERGED from [androidx.legacy:legacy-support-core-utils:1.0.0] AndroidManifest.xml:17:1-22:12
MERGED from [androidx.vectordrawable:vectordrawable:1.0.1] AndroidManifest.xml:17:1-22:12
MERGED from [androidx.transition:transition:1.0.0] AndroidManifest.xml:17:1-22:12
MERGED from [androidx.loader:loader:1.0.0] AndroidManifest.xml:17:1-22:12
MERGED from [androidx.viewpager:viewpager:1.0.0] AndroidManifest.xml:17:1-22:12
MERGED from [androidx.coordinatorlayout:coordinatorlayout:1.0.0] AndroidManifest.xml:17:1-22:12
MERGED from [androidx.drawerlayout:drawerlayout:1.0.0] AndroidManifest.xml:17:1-22:12
MERGED from [androidx.slidingpanelayout:slidingpanelayout:1.0.0] AndroidManifest.xml:17:1-22:12
MERGED from [androidx.customview:customview:1.0.0] AndroidManifest.xml:17:1-22:12
MERGED from [androidx.swiperefreshlayout:swiperefreshlayout:1.0.0] AndroidManifest.xml:17:1-22:12
MERGED from [androidx.asynclayoutinflater:asynclayoutinflater:1.0.0] AndroidManifest.xml:17:1-22:12
MERGED from [androidx.media:media:1.0.0] AndroidManifest.xml:17:1-22:12
MERGED from [androidx.core:core:1.0.1] AndroidManifest.xml:17:1-24:12
MERGED from [androidx.lifecycle:lifecycle-process:2.0.0] AndroidManifest.xml:17:1-30:12
MERGED from [androidx.lifecycle:lifecycle-service:2.0.0] AndroidManifest.xml:17:1-22:12
MERGED from [androidx.lifecycle:lifecycle-runtime:2.0.0] AndroidManifest.xml:17:1-22:12
MERGED from [androidx.versionedparcelable:versionedparcelable:1.0.0] AndroidManifest.xml:17:1-25:12
MERGED from [androidx.cursoradapter:cursoradapter:1.0.0] AndroidManifest.xml:17:1-22:12
MERGED from [androidx.cardview:cardview:1.0.0] AndroidManifest.xml:17:1-22:12
MERGED from [androidx.sqlite:sqlite-framework:2.0.0] AndroidManifest.xml:17:1-22:12
MERGED from [androidx.sqlite:sqlite:2.0.0] AndroidManifest.xml:17:1-22:12
MERGED from [androidx.lifecycle:lifecycle-livedata:2.0.0] AndroidManifest.xml:17:1-22:12
MERGED from [androidx.lifecycle:lifecycle-livedata-core:2.0.0] AndroidManifest.xml:17:1-22:12
MERGED from [androidx.arch.core:core-runtime:2.0.0] AndroidManifest.xml:17:1-22:12
MERGED from [androidx.documentfile:documentfile:1.0.0] AndroidManifest.xml:17:1-22:12
MERGED from [androidx.localbroadcastmanager:localbroadcastmanager:1.0.0] AndroidManifest.xml:17:1-22:12
MERGED from [androidx.print:print:1.0.0] AndroidManifest.xml:17:1-22:12
MERGED from [androidx.lifecycle:lifecycle-viewmodel:2.0.0] AndroidManifest.xml:17:1-22:12
MERGED from [androidx.interpolator:interpolator:1.0.0] AndroidManifest.xml:17:1-22:12
INJECTED from src\main\AndroidManifest.xml:2:1-32:12
INJECTED from src\main\AndroidManifest.xml:2:1-32:12
INJECTED from src\main\AndroidManifest.xml:2:1-32:12
	package
		ADDED from src\main\AndroidManifest.xml:3:2-42
		INJECTED from src\main\AndroidManifest.xml
		INJECTED from src\main\AndroidManifest.xml
	android:versionName
		INJECTED from src\main\AndroidManifest.xml
		ADDED from src\main\AndroidManifest.xml:2:1-32:12
		INJECTED from src\main\AndroidManifest.xml
	android:versionCode
		INJECTED from src\main\AndroidManifest.xml
		ADDED from src\main\AndroidManifest.xml:2:1-32:12
		INJECTED from src\main\AndroidManifest.xml
	xmlns:android
		ADDED from src\main\AndroidManifest.xml:2:11-69
uses-permission#android.permission.ACCESS_FINE_LOCATION
ADDED from src\main\AndroidManifest.xml:5:2-76
	android:name
		ADDED from src\main\AndroidManifest.xml:5:19-73
uses-permission#android.permission.ACCESS_COARSE_LOCATION
ADDED from src\main\AndroidManifest.xml:6:2-78
	android:name
		ADDED from src\main\AndroidManifest.xml:6:19-75
uses-permission#android.permission.INTERNET
ADDED from src\main\AndroidManifest.xml:7:2-64
	android:name
		ADDED from src\main\AndroidManifest.xml:7:19-61
application
ADDED from src\main\AndroidManifest.xml:9:2-30:16
MERGED from [com.google.android.material:material:1.0.0] AndroidManifest.xml:22:5-20
MERGED from [com.google.android.material:material:1.0.0] AndroidManifest.xml:22:5-20
MERGED from [androidx.constraintlayout:constraintlayout:1.1.3] AndroidManifest.xml:9:5-20
MERGED from [androidx.constraintlayout:constraintlayout:1.1.3] AndroidManifest.xml:9:5-20
MERGED from [androidx.work:work-runtime:2.0.1] AndroidManifest.xml:27:5-121:19
MERGED from [androidx.work:work-runtime:2.0.1] AndroidManifest.xml:27:5-121:19
MERGED from [com.google.android.gms:play-services-location:16.0.0] AndroidManifest.xml:7:5-20
MERGED from [com.google.android.gms:play-services-location:16.0.0] AndroidManifest.xml:7:5-20
MERGED from [androidx.room:room-runtime:2.1.0-alpha04] AndroidManifest.xml:22:5-26:19
MERGED from [androidx.room:room-runtime:2.1.0-alpha04] AndroidManifest.xml:22:5-26:19
MERGED from [androidx.lifecycle:lifecycle-extensions:2.0.0] AndroidManifest.xml:22:5-23:19
MERGED from [androidx.lifecycle:lifecycle-extensions:2.0.0] AndroidManifest.xml:22:5-23:19
MERGED from [com.google.android.gms:play-services-base:16.0.1] AndroidManifest.xml:22:5-27:19
MERGED from [com.google.android.gms:play-services-base:16.0.1] AndroidManifest.xml:22:5-27:19
MERGED from [com.google.android.gms:play-services-places-placereport:16.0.0] AndroidManifest.xml:22:5-20
MERGED from [com.google.android.gms:play-services-places-placereport:16.0.0] AndroidManifest.xml:22:5-20
MERGED from [com.google.android.gms:play-services-tasks:16.0.1] AndroidManifest.xml:7:5-20
MERGED from [com.google.android.gms:play-services-tasks:16.0.1] AndroidManifest.xml:7:5-20
MERGED from [com.google.android.gms:play-services-basement:16.0.1] AndroidManifest.xml:22:5-26:19
MERGED from [com.google.android.gms:play-services-basement:16.0.1] AndroidManifest.xml:22:5-26:19
MERGED from [androidx.core:core:1.0.1] AndroidManifest.xml:22:5-89
MERGED from [androidx.core:core:1.0.1] AndroidManifest.xml:22:5-89
MERGED from [androidx.lifecycle:lifecycle-process:2.0.0] AndroidManifest.xml:22:5-28:19
MERGED from [androidx.lifecycle:lifecycle-process:2.0.0] AndroidManifest.xml:22:5-28:19
MERGED from [androidx.versionedparcelable:versionedparcelable:1.0.0] AndroidManifest.xml:22:5-23:19
MERGED from [androidx.versionedparcelable:versionedparcelable:1.0.0] AndroidManifest.xml:22:5-23:19
	android:appComponentFactory
		ADDED from [androidx.core:core:1.0.1] AndroidManifest.xml:22:18-86
	android:supportsRtl
		ADDED from src\main\AndroidManifest.xml:14:3-29
	android:label
		ADDED from src\main\AndroidManifest.xml:12:3-35
	android:roundIcon
		ADDED from src\main\AndroidManifest.xml:13:3-36
	android:icon
		ADDED from src\main\AndroidManifest.xml:11:3-31
	android:allowBackup
		ADDED from src\main\AndroidManifest.xml:10:3-29
	android:theme
		ADDED from src\main\AndroidManifest.xml:15:3-34
activity#com.pratikbutani.workerexample.MainActivity
ADDED from src\main\AndroidManifest.xml:16:3-26:14
	android:label
		ADDED from src\main\AndroidManifest.xml:18:4-36
	android:theme
		ADDED from src\main\AndroidManifest.xml:19:4-47
	android:name
		ADDED from src\main\AndroidManifest.xml:17:4-32
intent-filter#action:name:android.intent.action.MAIN+action:name:android.intent.action.VIEW+category:name:android.intent.category.LAUNCHER
ADDED from src\main\AndroidManifest.xml:20:4-25:20
action#android.intent.action.MAIN
ADDED from src\main\AndroidManifest.xml:21:5-57
	android:name
		ADDED from src\main\AndroidManifest.xml:21:13-54
action#android.intent.action.VIEW
ADDED from src\main\AndroidManifest.xml:22:5-57
	android:name
		ADDED from src\main\AndroidManifest.xml:22:13-54
category#android.intent.category.LAUNCHER
ADDED from src\main\AndroidManifest.xml:24:5-65
	android:name
		ADDED from src\main\AndroidManifest.xml:24:15-62
meta-data#preloaded_fonts
ADDED from src\main\AndroidManifest.xml:27:3-29:48
	android:resource
		ADDED from src\main\AndroidManifest.xml:29:4-45
	android:name
		ADDED from src\main\AndroidManifest.xml:28:4-34
uses-sdk
INJECTED from src\main\AndroidManifest.xml reason: use-sdk injection requested
INJECTED from src\main\AndroidManifest.xml
INJECTED from src\main\AndroidManifest.xml
MERGED from [androidx.databinding:databinding-adapters:3.4.1] AndroidManifest.xml:22:5-44
MERGED from [androidx.databinding:databinding-adapters:3.4.1] AndroidManifest.xml:22:5-44
MERGED from [androidx.databinding:databinding-runtime:3.4.1] AndroidManifest.xml:22:5-44
MERGED from [androidx.databinding:databinding-runtime:3.4.1] AndroidManifest.xml:22:5-44
MERGED from [com.google.android.material:material:1.0.0] AndroidManifest.xml:20:5-44
MERGED from [com.google.android.material:material:1.0.0] AndroidManifest.xml:20:5-44
MERGED from [androidx.appcompat:appcompat:1.0.2] AndroidManifest.xml:20:5-44
MERGED from [androidx.appcompat:appcompat:1.0.2] AndroidManifest.xml:20:5-44
MERGED from [androidx.constraintlayout:constraintlayout:1.1.3] AndroidManifest.xml:5:5-7:41
MERGED from [androidx.constraintlayout:constraintlayout:1.1.3] AndroidManifest.xml:5:5-7:41
MERGED from [androidx.work:work-runtime:2.0.1] AndroidManifest.xml:21:5-44
MERGED from [androidx.work:work-runtime:2.0.1] AndroidManifest.xml:21:5-44
MERGED from [com.google.android.gms:play-services-location:16.0.0] AndroidManifest.xml:5:5-44
MERGED from [com.google.android.gms:play-services-location:16.0.0] AndroidManifest.xml:5:5-44
MERGED from [io.reactivex.rxjava2:rxandroid:2.0.1] AndroidManifest.xml:19:5-43
MERGED from [io.reactivex.rxjava2:rxandroid:2.0.1] AndroidManifest.xml:19:5-43
MERGED from [androidx.room:room-runtime:2.1.0-alpha04] AndroidManifest.xml:20:5-44
MERGED from [androidx.room:room-runtime:2.1.0-alpha04] AndroidManifest.xml:20:5-44
MERGED from [androidx.lifecycle:lifecycle-extensions:2.0.0] AndroidManifest.xml:20:5-44
MERGED from [androidx.lifecycle:lifecycle-extensions:2.0.0] AndroidManifest.xml:20:5-44
MERGED from [com.google.android.gms:play-services-base:16.0.1] AndroidManifest.xml:20:5-44
MERGED from [com.google.android.gms:play-services-base:16.0.1] AndroidManifest.xml:20:5-44
MERGED from [com.google.android.gms:play-services-places-placereport:16.0.0] AndroidManifest.xml:20:5-44
MERGED from [com.google.android.gms:play-services-places-placereport:16.0.0] AndroidManifest.xml:20:5-44
MERGED from [com.google.android.gms:play-services-tasks:16.0.1] AndroidManifest.xml:5:5-44
MERGED from [com.google.android.gms:play-services-tasks:16.0.1] AndroidManifest.xml:5:5-44
MERGED from [com.google.android.gms:play-services-basement:16.0.1] AndroidManifest.xml:20:5-44
MERGED from [com.google.android.gms:play-services-basement:16.0.1] AndroidManifest.xml:20:5-44
MERGED from [androidx.legacy:legacy-support-v4:1.0.0] AndroidManifest.xml:20:5-44
MERGED from [androidx.legacy:legacy-support-v4:1.0.0] AndroidManifest.xml:20:5-44
MERGED from [androidx.fragment:fragment:1.0.0] AndroidManifest.xml:20:5-44
MERGED from [androidx.fragment:fragment:1.0.0] AndroidManifest.xml:20:5-44
MERGED from [androidx.vectordrawable:vectordrawable-animated:1.0.0] AndroidManifest.xml:20:5-44
MERGED from [androidx.vectordrawable:vectordrawable-animated:1.0.0] AndroidManifest.xml:20:5-44
MERGED from [androidx.recyclerview:recyclerview:1.0.0] AndroidManifest.xml:20:5-44
MERGED from [androidx.recyclerview:recyclerview:1.0.0] AndroidManifest.xml:20:5-44
MERGED from [androidx.legacy:legacy-support-core-ui:1.0.0] AndroidManifest.xml:20:5-44
MERGED from [androidx.legacy:legacy-support-core-ui:1.0.0] AndroidManifest.xml:20:5-44
MERGED from [androidx.legacy:legacy-support-core-utils:1.0.0] AndroidManifest.xml:20:5-44
MERGED from [androidx.legacy:legacy-support-core-utils:1.0.0] AndroidManifest.xml:20:5-44
MERGED from [androidx.vectordrawable:vectordrawable:1.0.1] AndroidManifest.xml:20:5-44
MERGED from [androidx.vectordrawable:vectordrawable:1.0.1] AndroidManifest.xml:20:5-44
MERGED from [androidx.transition:transition:1.0.0] AndroidManifest.xml:20:5-44
MERGED from [androidx.transition:transition:1.0.0] AndroidManifest.xml:20:5-44
MERGED from [androidx.loader:loader:1.0.0] AndroidManifest.xml:20:5-44
MERGED from [androidx.loader:loader:1.0.0] AndroidManifest.xml:20:5-44
MERGED from [androidx.viewpager:viewpager:1.0.0] AndroidManifest.xml:20:5-44
MERGED from [androidx.viewpager:viewpager:1.0.0] AndroidManifest.xml:20:5-44
MERGED from [androidx.coordinatorlayout:coordinatorlayout:1.0.0] AndroidManifest.xml:20:5-44
MERGED from [androidx.coordinatorlayout:coordinatorlayout:1.0.0] AndroidManifest.xml:20:5-44
MERGED from [androidx.drawerlayout:drawerlayout:1.0.0] AndroidManifest.xml:20:5-44
MERGED from [androidx.drawerlayout:drawerlayout:1.0.0] AndroidManifest.xml:20:5-44
MERGED from [androidx.slidingpanelayout:slidingpanelayout:1.0.0] AndroidManifest.xml:20:5-44
MERGED from [androidx.slidingpanelayout:slidingpanelayout:1.0.0] AndroidManifest.xml:20:5-44
MERGED from [androidx.customview:customview:1.0.0] AndroidManifest.xml:20:5-44
MERGED from [androidx.customview:customview:1.0.0] AndroidManifest.xml:20:5-44
MERGED from [androidx.swiperefreshlayout:swiperefreshlayout:1.0.0] AndroidManifest.xml:20:5-44
MERGED from [androidx.swiperefreshlayout:swiperefreshlayout:1.0.0] AndroidManifest.xml:20:5-44
MERGED from [androidx.asynclayoutinflater:asynclayoutinflater:1.0.0] AndroidManifest.xml:20:5-44
MERGED from [androidx.asynclayoutinflater:asynclayoutinflater:1.0.0] AndroidManifest.xml:20:5-44
MERGED from [androidx.media:media:1.0.0] AndroidManifest.xml:20:5-44
MERGED from [androidx.media:media:1.0.0] AndroidManifest.xml:20:5-44
MERGED from [androidx.core:core:1.0.1] AndroidManifest.xml:20:5-44
MERGED from [androidx.core:core:1.0.1] AndroidManifest.xml:20:5-44
MERGED from [androidx.lifecycle:lifecycle-process:2.0.0] AndroidManifest.xml:20:5-44
MERGED from [androidx.lifecycle:lifecycle-process:2.0.0] AndroidManifest.xml:20:5-44
MERGED from [androidx.lifecycle:lifecycle-service:2.0.0] AndroidManifest.xml:20:5-44
MERGED from [androidx.lifecycle:lifecycle-service:2.0.0] AndroidManifest.xml:20:5-44
MERGED from [androidx.lifecycle:lifecycle-runtime:2.0.0] AndroidManifest.xml:20:5-44
MERGED from [androidx.lifecycle:lifecycle-runtime:2.0.0] AndroidManifest.xml:20:5-44
MERGED from [androidx.versionedparcelable:versionedparcelable:1.0.0] AndroidManifest.xml:20:5-44
MERGED from [androidx.versionedparcelable:versionedparcelable:1.0.0] AndroidManifest.xml:20:5-44
MERGED from [androidx.cursoradapter:cursoradapter:1.0.0] AndroidManifest.xml:20:5-44
MERGED from [androidx.cursoradapter:cursoradapter:1.0.0] AndroidManifest.xml:20:5-44
MERGED from [androidx.cardview:cardview:1.0.0] AndroidManifest.xml:20:5-44
MERGED from [androidx.cardview:cardview:1.0.0] AndroidManifest.xml:20:5-44
MERGED from [androidx.sqlite:sqlite-framework:2.0.0] AndroidManifest.xml:20:5-44
MERGED from [androidx.sqlite:sqlite-framework:2.0.0] AndroidManifest.xml:20:5-44
MERGED from [androidx.sqlite:sqlite:2.0.0] AndroidManifest.xml:20:5-44
MERGED from [androidx.sqlite:sqlite:2.0.0] AndroidManifest.xml:20:5-44
MERGED from [androidx.lifecycle:lifecycle-livedata:2.0.0] AndroidManifest.xml:20:5-44
MERGED from [androidx.lifecycle:lifecycle-livedata:2.0.0] AndroidManifest.xml:20:5-44
MERGED from [androidx.lifecycle:lifecycle-livedata-core:2.0.0] AndroidManifest.xml:20:5-44
MERGED from [androidx.lifecycle:lifecycle-livedata-core:2.0.0] AndroidManifest.xml:20:5-44
MERGED from [androidx.arch.core:core-runtime:2.0.0] AndroidManifest.xml:20:5-44
MERGED from [androidx.arch.core:core-runtime:2.0.0] AndroidManifest.xml:20:5-44
MERGED from [androidx.documentfile:documentfile:1.0.0] AndroidManifest.xml:20:5-44
MERGED from [androidx.documentfile:documentfile:1.0.0] AndroidManifest.xml:20:5-44
MERGED from [androidx.localbroadcastmanager:localbroadcastmanager:1.0.0] AndroidManifest.xml:20:5-44
MERGED from [androidx.localbroadcastmanager:localbroadcastmanager:1.0.0] AndroidManifest.xml:20:5-44
MERGED from [androidx.print:print:1.0.0] AndroidManifest.xml:20:5-44
MERGED from [androidx.print:print:1.0.0] AndroidManifest.xml:20:5-44
MERGED from [androidx.lifecycle:lifecycle-viewmodel:2.0.0] AndroidManifest.xml:20:5-44
MERGED from [androidx.lifecycle:lifecycle-viewmodel:2.0.0] AndroidManifest.xml:20:5-44
MERGED from [androidx.interpolator:interpolator:1.0.0] AndroidManifest.xml:20:5-44
MERGED from [androidx.interpolator:interpolator:1.0.0] AndroidManifest.xml:20:5-44
INJECTED from src\main\AndroidManifest.xml
INJECTED from src\main\AndroidManifest.xml
	android:targetSdkVersion
		INJECTED from src\main\AndroidManifest.xml
		ADDED from src\main\AndroidManifest.xml
		INJECTED from src\main\AndroidManifest.xml
	android:minSdkVersion
		INJECTED from src\main\AndroidManifest.xml
		ADDED from src\main\AndroidManifest.xml
		INJECTED from src\main\AndroidManifest.xml
uses-permission#android.permission.WAKE_LOCK
ADDED from [androidx.work:work-runtime:2.0.1] AndroidManifest.xml:23:5-68
	android:name
		ADDED from [androidx.work:work-runtime:2.0.1] AndroidManifest.xml:23:22-65
uses-permission#android.permission.ACCESS_NETWORK_STATE
ADDED from [androidx.work:work-runtime:2.0.1] AndroidManifest.xml:24:5-79
	android:name
		ADDED from [androidx.work:work-runtime:2.0.1] AndroidManifest.xml:24:22-76
uses-permission#android.permission.RECEIVE_BOOT_COMPLETED
ADDED from [androidx.work:work-runtime:2.0.1] AndroidManifest.xml:25:5-81
	android:name
		ADDED from [androidx.work:work-runtime:2.0.1] AndroidManifest.xml:25:22-78
provider#androidx.work.impl.WorkManagerInitializer
ADDED from [androidx.work:work-runtime:2.0.1] AndroidManifest.xml:28:9-34:35
	android:authorities
		ADDED from [androidx.work:work-runtime:2.0.1] AndroidManifest.xml:30:13-68
	android:multiprocess
		ADDED from [androidx.work:work-runtime:2.0.1] AndroidManifest.xml:33:13-40
	android:exported
		ADDED from [androidx.work:work-runtime:2.0.1] AndroidManifest.xml:32:13-37
	tools:targetApi
		ADDED from [androidx.work:work-runtime:2.0.1] AndroidManifest.xml:34:13-32
	android:directBootAware
		ADDED from [androidx.work:work-runtime:2.0.1] AndroidManifest.xml:31:13-44
	android:name
		ADDED from [androidx.work:work-runtime:2.0.1] AndroidManifest.xml:29:13-69
service#androidx.work.impl.background.systemalarm.SystemAlarmService
ADDED from [androidx.work:work-runtime:2.0.1] AndroidManifest.xml:36:9-41:35
	android:enabled
		ADDED from [androidx.work:work-runtime:2.0.1] AndroidManifest.xml:39:13-72
	android:exported
		ADDED from [androidx.work:work-runtime:2.0.1] AndroidManifest.xml:40:13-37
	tools:targetApi
		ADDED from [androidx.work:work-runtime:2.0.1] AndroidManifest.xml:41:13-32
	android:directBootAware
		ADDED from [androidx.work:work-runtime:2.0.1] AndroidManifest.xml:38:13-44
	android:name
		ADDED from [androidx.work:work-runtime:2.0.1] AndroidManifest.xml:37:13-88
service#androidx.work.impl.background.systemjob.SystemJobService
ADDED from [androidx.work:work-runtime:2.0.1] AndroidManifest.xml:42:9-48:35
	android:enabled
		ADDED from [androidx.work:work-runtime:2.0.1] AndroidManifest.xml:45:13-70
	android:exported
		ADDED from [androidx.work:work-runtime:2.0.1] AndroidManifest.xml:46:13-36
	android:permission
		ADDED from [androidx.work:work-runtime:2.0.1] AndroidManifest.xml:47:13-69
	tools:targetApi
		ADDED from [androidx.work:work-runtime:2.0.1] AndroidManifest.xml:48:13-32
	android:directBootAware
		ADDED from [androidx.work:work-runtime:2.0.1] AndroidManifest.xml:44:13-44
	android:name
		ADDED from [androidx.work:work-runtime:2.0.1] AndroidManifest.xml:43:13-84
receiver#androidx.work.impl.utils.ForceStopRunnable$BroadcastReceiver
ADDED from [androidx.work:work-runtime:2.0.1] AndroidManifest.xml:50:9-55:35
	android:enabled
		ADDED from [androidx.work:work-runtime:2.0.1] AndroidManifest.xml:53:13-35
	android:exported
		ADDED from [androidx.work:work-runtime:2.0.1] AndroidManifest.xml:54:13-37
	tools:targetApi
		ADDED from [androidx.work:work-runtime:2.0.1] AndroidManifest.xml:55:13-32
	android:directBootAware
		ADDED from [androidx.work:work-runtime:2.0.1] AndroidManifest.xml:52:13-44
	android:name
		ADDED from [androidx.work:work-runtime:2.0.1] AndroidManifest.xml:51:13-88
receiver#androidx.work.impl.background.systemalarm.ConstraintProxy$BatteryChargingProxy
ADDED from [androidx.work:work-runtime:2.0.1] AndroidManifest.xml:56:9-66:20
	android:enabled
		ADDED from [androidx.work:work-runtime:2.0.1] AndroidManifest.xml:59:13-36
	android:exported
		ADDED from [androidx.work:work-runtime:2.0.1] AndroidManifest.xml:60:13-37
	tools:targetApi
		ADDED from [androidx.work:work-runtime:2.0.1] AndroidManifest.xml:61:13-32
	android:directBootAware
		ADDED from [androidx.work:work-runtime:2.0.1] AndroidManifest.xml:58:13-44
	android:name
		ADDED from [androidx.work:work-runtime:2.0.1] AndroidManifest.xml:57:13-106
intent-filter#action:name:android.intent.action.ACTION_POWER_CONNECTED+action:name:android.intent.action.ACTION_POWER_DISCONNECTED
ADDED from [androidx.work:work-runtime:2.0.1] AndroidManifest.xml:62:13-65:29
action#android.intent.action.ACTION_POWER_CONNECTED
ADDED from [androidx.work:work-runtime:2.0.1] AndroidManifest.xml:63:17-87
	android:name
		ADDED from [androidx.work:work-runtime:2.0.1] AndroidManifest.xml:63:25-84
action#android.intent.action.ACTION_POWER_DISCONNECTED
ADDED from [androidx.work:work-runtime:2.0.1] AndroidManifest.xml:64:17-90
	android:name
		ADDED from [androidx.work:work-runtime:2.0.1] AndroidManifest.xml:64:25-87
receiver#androidx.work.impl.background.systemalarm.ConstraintProxy$BatteryNotLowProxy
ADDED from [androidx.work:work-runtime:2.0.1] AndroidManifest.xml:67:9-77:20
	android:enabled
		ADDED from [androidx.work:work-runtime:2.0.1] AndroidManifest.xml:70:13-36
	android:exported
		ADDED from [androidx.work:work-runtime:2.0.1] AndroidManifest.xml:71:13-37
	tools:targetApi
		ADDED from [androidx.work:work-runtime:2.0.1] AndroidManifest.xml:72:13-32
	android:directBootAware
		ADDED from [androidx.work:work-runtime:2.0.1] AndroidManifest.xml:69:13-44
	android:name
		ADDED from [androidx.work:work-runtime:2.0.1] AndroidManifest.xml:68:13-104
intent-filter#action:name:android.intent.action.BATTERY_LOW+action:name:android.intent.action.BATTERY_OKAY
ADDED from [androidx.work:work-runtime:2.0.1] AndroidManifest.xml:73:13-76:29
action#android.intent.action.BATTERY_OKAY
ADDED from [androidx.work:work-runtime:2.0.1] AndroidManifest.xml:74:17-77
	android:name
		ADDED from [androidx.work:work-runtime:2.0.1] AndroidManifest.xml:74:25-74
action#android.intent.action.BATTERY_LOW
ADDED from [androidx.work:work-runtime:2.0.1] AndroidManifest.xml:75:17-76
	android:name
		ADDED from [androidx.work:work-runtime:2.0.1] AndroidManifest.xml:75:25-73
receiver#androidx.work.impl.background.systemalarm.ConstraintProxy$StorageNotLowProxy
ADDED from [androidx.work:work-runtime:2.0.1] AndroidManifest.xml:78:9-88:20
	android:enabled
		ADDED from [androidx.work:work-runtime:2.0.1] AndroidManifest.xml:81:13-36
	android:exported
		ADDED from [androidx.work:work-runtime:2.0.1] AndroidManifest.xml:82:13-37
	tools:targetApi
		ADDED from [androidx.work:work-runtime:2.0.1] AndroidManifest.xml:83:13-32
	android:directBootAware
		ADDED from [androidx.work:work-runtime:2.0.1] AndroidManifest.xml:80:13-44
	android:name
		ADDED from [androidx.work:work-runtime:2.0.1] AndroidManifest.xml:79:13-104
intent-filter#action:name:android.intent.action.DEVICE_STORAGE_LOW+action:name:android.intent.action.DEVICE_STORAGE_OK
ADDED from [androidx.work:work-runtime:2.0.1] AndroidManifest.xml:84:13-87:29
action#android.intent.action.DEVICE_STORAGE_LOW
ADDED from [androidx.work:work-runtime:2.0.1] AndroidManifest.xml:85:17-83
	android:name
		ADDED from [androidx.work:work-runtime:2.0.1] AndroidManifest.xml:85:25-80
action#android.intent.action.DEVICE_STORAGE_OK
ADDED from [androidx.work:work-runtime:2.0.1] AndroidManifest.xml:86:17-82
	android:name
		ADDED from [androidx.work:work-runtime:2.0.1] AndroidManifest.xml:86:25-79
receiver#androidx.work.impl.background.systemalarm.ConstraintProxy$NetworkStateProxy
ADDED from [androidx.work:work-runtime:2.0.1] AndroidManifest.xml:89:9-98:20
	android:enabled
		ADDED from [androidx.work:work-runtime:2.0.1] AndroidManifest.xml:92:13-36
	android:exported
		ADDED from [androidx.work:work-runtime:2.0.1] AndroidManifest.xml:93:13-37
	tools:targetApi
		ADDED from [androidx.work:work-runtime:2.0.1] AndroidManifest.xml:94:13-32
	android:directBootAware
		ADDED from [androidx.work:work-runtime:2.0.1] AndroidManifest.xml:91:13-44
	android:name
		ADDED from [androidx.work:work-runtime:2.0.1] AndroidManifest.xml:90:13-103
intent-filter#action:name:android.net.conn.CONNECTIVITY_CHANGE
ADDED from [androidx.work:work-runtime:2.0.1] AndroidManifest.xml:95:13-97:29
action#android.net.conn.CONNECTIVITY_CHANGE
ADDED from [androidx.work:work-runtime:2.0.1] AndroidManifest.xml:96:17-79
	android:name
		ADDED from [androidx.work:work-runtime:2.0.1] AndroidManifest.xml:96:25-76
receiver#androidx.work.impl.background.systemalarm.RescheduleReceiver
ADDED from [androidx.work:work-runtime:2.0.1] AndroidManifest.xml:99:9-110:20
	android:enabled
		ADDED from [androidx.work:work-runtime:2.0.1] AndroidManifest.xml:102:13-36
	android:exported
		ADDED from [androidx.work:work-runtime:2.0.1] AndroidManifest.xml:103:13-37
	tools:targetApi
		ADDED from [androidx.work:work-runtime:2.0.1] AndroidManifest.xml:104:13-32
	android:directBootAware
		ADDED from [androidx.work:work-runtime:2.0.1] AndroidManifest.xml:101:13-44
	android:name
		ADDED from [androidx.work:work-runtime:2.0.1] AndroidManifest.xml:100:13-88
intent-filter#action:name:android.intent.action.BOOT_COMPLETED+action:name:android.intent.action.TIMEZONE_CHANGED+action:name:android.intent.action.TIME_SET
ADDED from [androidx.work:work-runtime:2.0.1] AndroidManifest.xml:105:13-109:29
action#android.intent.action.BOOT_COMPLETED
ADDED from [androidx.work:work-runtime:2.0.1] AndroidManifest.xml:106:17-79
	android:name
		ADDED from [androidx.work:work-runtime:2.0.1] AndroidManifest.xml:106:25-76
action#android.intent.action.TIME_SET
ADDED from [androidx.work:work-runtime:2.0.1] AndroidManifest.xml:107:17-73
	android:name
		ADDED from [androidx.work:work-runtime:2.0.1] AndroidManifest.xml:107:25-70
action#android.intent.action.TIMEZONE_CHANGED
ADDED from [androidx.work:work-runtime:2.0.1] AndroidManifest.xml:108:17-81
	android:name
		ADDED from [androidx.work:work-runtime:2.0.1] AndroidManifest.xml:108:25-78
receiver#androidx.work.impl.background.systemalarm.ConstraintProxyUpdateReceiver
ADDED from [androidx.work:work-runtime:2.0.1] AndroidManifest.xml:111:9-120:20
	android:enabled
		ADDED from [androidx.work:work-runtime:2.0.1] AndroidManifest.xml:114:13-72
	android:exported
		ADDED from [androidx.work:work-runtime:2.0.1] AndroidManifest.xml:115:13-37
	tools:targetApi
		ADDED from [androidx.work:work-runtime:2.0.1] AndroidManifest.xml:116:13-32
	android:directBootAware
		ADDED from [androidx.work:work-runtime:2.0.1] AndroidManifest.xml:113:13-44
	android:name
		ADDED from [androidx.work:work-runtime:2.0.1] AndroidManifest.xml:112:13-99
intent-filter#action:name:androidx.work.impl.background.systemalarm.UpdateProxies
ADDED from [androidx.work:work-runtime:2.0.1] AndroidManifest.xml:117:13-119:29
action#androidx.work.impl.background.systemalarm.UpdateProxies
ADDED from [androidx.work:work-runtime:2.0.1] AndroidManifest.xml:118:17-98
	android:name
		ADDED from [androidx.work:work-runtime:2.0.1] AndroidManifest.xml:118:25-95
service#androidx.room.MultiInstanceInvalidationService
ADDED from [androidx.room:room-runtime:2.1.0-alpha04] AndroidManifest.xml:23:9-25:40
	android:exported
		ADDED from [androidx.room:room-runtime:2.1.0-alpha04] AndroidManifest.xml:25:13-37
	android:name
		ADDED from [androidx.room:room-runtime:2.1.0-alpha04] AndroidManifest.xml:24:13-74
activity#com.google.android.gms.common.api.GoogleApiActivity
ADDED from [com.google.android.gms:play-services-base:16.0.1] AndroidManifest.xml:23:9-26:75
	android:exported
		ADDED from [com.google.android.gms:play-services-base:16.0.1] AndroidManifest.xml:25:13-37
	android:theme
		ADDED from [com.google.android.gms:play-services-base:16.0.1] AndroidManifest.xml:26:13-72
	android:name
		ADDED from [com.google.android.gms:play-services-base:16.0.1] AndroidManifest.xml:24:13-79
meta-data#com.google.android.gms.version